# JRE version: OpenJDK Runtime Environment (8.0_202) (build 1.8.0_202-release-1483-b49-5587405)
# Java VM: OpenJDK 64-Bit Server VM (25.202-b49-5587405 mixed mode linux-amd64 compressed oops)
Heap:
 PSYoungGen      total 245248K, used 0K [0x00000000eab00000, 0x00000000ff280000, 0x0000000100000000)
  eden space 215552K, 0% used [0x00000000eab00000,0x00000000eab00000,0x00000000f7d80000)
  from space 29696K, 0% used [0x00000000f7d80000,0x00000000f7d80000,0x00000000f9a80000)
  to   space 39936K, 0% used [0x00000000fcb80000,0x00000000fcb80000,0x00000000ff280000)
 ParOldGen       total 83456K, used 83290K [0x00000000c0000000, 0x00000000c5180000, 0x00000000eab00000)
  object space 83456K, 99% used [0x00000000c0000000,0x00000000c5156b30,0x00000000c5180000)
 Metaspace       used 77735K, capacity 80278K, committed 80472K, reserved 1118208K
  class space    used 10299K, capacity 10858K, committed 10880K, reserved 1048576K
GC Heap History (10 events):
Event: 23,036 GC heap after
Heap after GC invocations=16 (full 3):
 PSYoungGen      total 167936K, used 0K [0x00000000eab00000, 0x00000000f8600000, 0x0000000100000000)
  eden space 152064K, 0% used [0x00000000eab00000,0x00000000eab00000,0x00000000f3f80000)
  from space 15872K, 0% used [0x00000000f3f80000,0x00000000f3f80000,0x00000000f4f00000)
  to   space 15360K, 0% used [0x00000000f7700000,0x00000000f7700000,0x00000000f8600000)
 ParOldGen       total 83456K, used 30346K [0x00000000c0000000, 0x00000000c5180000, 0x00000000eab00000)
  object space 83456K, 36% used [0x00000000c0000000,0x00000000c1da2b88,0x00000000c5180000)
 Metaspace       used 57363K, capacity 58946K, committed 59028K, reserved 1099776K
  class space    used 7782K, capacity 8164K, committed 8192K, reserved 1048576K
}
Event: 32,129 GC heap before
{Heap before GC invocations=17 (full 3):
 PSYoungGen      total 167936K, used 152064K [0x00000000eab00000, 0x00000000f8600000, 0x0000000100000000)
  eden space 152064K, 100% used [0x00000000eab00000,0x00000000f3f80000,0x00000000f3f80000)
  from space 15872K, 0% used [0x00000000f3f80000,0x00000000f3f80000,0x00000000f4f00000)
  to   space 15360K, 0% used [0x00000000f7700000,0x00000000f7700000,0x00000000f8600000)
 ParOldGen       total 83456K, used 30346K [0x00000000c0000000, 0x00000000c5180000, 0x00000000eab00000)
  object space 83456K, 36% used [0x00000000c0000000,0x00000000c1da2b88,0x00000000c5180000)
 Metaspace       used 61025K, capacity 62760K, committed 62936K, reserved 1103872K
  class space    used 8258K, capacity 8683K, committed 8704K, reserved 1048576K
Event: 32,256 GC heap after
Heap after GC invocations=17 (full 3):
 PSYoungGen      total 199168K, used 15328K [0x00000000eab00000, 0x00000000f8600000, 0x0000000100000000)
  eden space 183808K, 0% used [0x00000000eab00000,0x00000000eab00000,0x00000000f5e80000)
  from space 15360K, 99% used [0x00000000f7700000,0x00000000f85f8060,0x00000000f8600000)
  to   space 19968K, 0% used [0x00000000f5f00000,0x00000000f5f00000,0x00000000f7280000)
 ParOldGen       total 83456K, used 36482K [0x00000000c0000000, 0x00000000c5180000, 0x00000000eab00000)
  object space 83456K, 43% used [0x00000000c0000000,0x00000000c23a0960,0x00000000c5180000)
 Metaspace       used 61025K, capacity 62760K, committed 62936K, reserved 1103872K
  class space    used 8258K, capacity 8683K, committed 8704K, reserved 1048576K
}
Event: 56,717 GC heap before
{Heap before GC invocations=18 (full 3):
 PSYoungGen      total 199168K, used 199136K [0x00000000eab00000, 0x00000000f8600000, 0x0000000100000000)
  eden space 183808K, 100% used [0x00000000eab00000,0x00000000f5e80000,0x00000000f5e80000)
  from space 15360K, 99% used [0x00000000f7700000,0x00000000f85f8060,0x00000000f8600000)
  to   space 19968K, 0% used [0x00000000f5f00000,0x00000000f5f00000,0x00000000f7280000)
 ParOldGen       total 83456K, used 36482K [0x00000000c0000000, 0x00000000c5180000, 0x00000000eab00000)
  object space 83456K, 43% used [0x00000000c0000000,0x00000000c23a0960,0x00000000c5180000)
 Metaspace       used 67814K, capacity 69798K, committed 69976K, reserved 1110016K
  class space    used 9073K, capacity 9526K, committed 9600K, reserved 1048576K
Event: 56,896 GC heap after
Heap after GC invocations=18 (full 3):
 PSYoungGen      total 204288K, used 19956K [0x00000000eab00000, 0x00000000fb500000, 0x0000000100000000)
  eden space 184320K, 0% used [0x00000000eab00000,0x00000000eab00000,0x00000000f5f00000)
  from space 19968K, 99% used [0x00000000f5f00000,0x00000000f727d090,0x00000000f7280000)
  to   space 27136K, 0% used [0x00000000f9a80000,0x00000000f9a80000,0x00000000fb500000)
 ParOldGen       total 83456K, used 47402K [0x00000000c0000000, 0x00000000c5180000, 0x00000000eab00000)
  object space 83456K, 56% used [0x00000000c0000000,0x00000000c2e4a8b8,0x00000000c5180000)
 Metaspace       used 67814K, capacity 69798K, committed 69976K, reserved 1110016K
  class space    used 9073K, capacity 9526K, committed 9600K, reserved 1048576K
}
Event: 64,820 GC heap before
{Heap before GC invocations=19 (full 3):
 PSYoungGen      total 204288K, used 204276K [0x00000000eab00000, 0x00000000fb500000, 0x0000000100000000)
  eden space 184320K, 100% used [0x00000000eab00000,0x00000000f5f00000,0x00000000f5f00000)
  from space 19968K, 99% used [0x00000000f5f00000,0x00000000f727d090,0x00000000f7280000)
  to   space 27136K, 0% used [0x00000000f9a80000,0x00000000f9a80000,0x00000000fb500000)
 ParOldGen       total 83456K, used 47402K [0x00000000c0000000, 0x00000000c5180000, 0x00000000eab00000)
  object space 83456K, 56% used [0x00000000c0000000,0x00000000c2e4a8b8,0x00000000c5180000)
 Metaspace       used 75715K, capacity 78008K, committed 78168K, reserved 1116160K
  class space    used 10002K, capacity 10541K, committed 10624K, reserved 1048576K
Event: 65,031 GC heap after
Heap after GC invocations=19 (full 3):
 PSYoungGen      total 242688K, used 23075K [0x00000000eab00000, 0x00000000fbf00000, 0x0000000100000000)
  eden space 215552K, 0% used [0x00000000eab00000,0x00000000eab00000,0x00000000f7d80000)
  from space 27136K, 85% used [0x00000000f9a80000,0x00000000fb108fe0,0x00000000fb500000)
  to   space 29696K, 0% used [0x00000000f7d80000,0x00000000f7d80000,0x00000000f9a80000)
 ParOldGen       total 83456K, used 67234K [0x00000000c0000000, 0x00000000c5180000, 0x00000000eab00000)
  object space 83456K, 80% used [0x00000000c0000000,0x00000000c41a8878,0x00000000c5180000)
 Metaspace       used 75715K, capacity 78008K, committed 78168K, reserved 1116160K
  class space    used 10002K, capacity 10541K, committed 10624K, reserved 1048576K
}
Event: 68,155 GC heap before
{Heap before GC invocations=20 (full 3):
 PSYoungGen      total 242688K, used 238627K [0x00000000eab00000, 0x00000000fbf00000, 0x0000000100000000)
  eden space 215552K, 100% used [0x00000000eab00000,0x00000000f7d80000,0x00000000f7d80000)
  from space 27136K, 85% used [0x00000000f9a80000,0x00000000fb108fe0,0x00000000fb500000)
  to   space 29696K, 0% used [0x00000000f7d80000,0x00000000f7d80000,0x00000000f9a80000)
 ParOldGen       total 83456K, used 67234K [0x00000000c0000000, 0x00000000c5180000, 0x00000000eab00000)
  object space 83456K, 80% used [0x00000000c0000000,0x00000000c41a8878,0x00000000c5180000)
 Metaspace       used 77752K, capacity 80326K, committed 80472K, reserved 1118208K
  class space    used 10305K, capacity 10868K, committed 10880K, reserved 1048576K
Event: 68,347 GC heap after
Heap after GC invocations=20 (full 3):
 PSYoungGen      total 245248K, used 29670K [0x00000000eab00000, 0x00000000ff280000, 0x0000000100000000)
  eden space 215552K, 0% used [0x00000000eab00000,0x00000000eab00000,0x00000000f7d80000)
  from space 29696K, 99% used [0x00000000f7d80000,0x00000000f9a79918,0x00000000f9a80000)
  to   space 39936K, 0% used [0x00000000fcb80000,0x00000000fcb80000,0x00000000ff280000)
 ParOldGen       total 83456K, used 80838K [0x00000000c0000000, 0x00000000c5180000, 0x00000000eab00000)
  object space 83456K, 96% used [0x00000000c0000000,0x00000000c4ef18c8,0x00000000c5180000)
 Metaspace       used 77752K, capacity 80326K, committed 80472K, reserved 1118208K
  class space    used 10305K, capacity 10868K, committed 10880K, reserved 1048576K
}
Event: 68,348 GC heap before
{Heap before GC invocations=21 (full 4):
 PSYoungGen      total 245248K, used 29670K [0x00000000eab00000, 0x00000000ff280000, 0x0000000100000000)
  eden space 215552K, 0% used [0x00000000eab00000,0x00000000eab00000,0x00000000f7d80000)
  from space 29696K, 99% used [0x00000000f7d80000,0x00000000f9a79918,0x00000000f9a80000)
  to   space 39936K, 0% used [0x00000000fcb80000,0x00000000fcb80000,0x00000000ff280000)
 ParOldGen       total 83456K, used 80838K [0x00000000c0000000, 0x00000000c5180000, 0x00000000eab00000)
  object space 83456K, 96% used [0x00000000c0000000,0x00000000c4ef18c8,0x00000000c5180000)
 Metaspace       used 77752K, capacity 80326K, committed 80472K, reserved 1118208K
  class space    used 10305K, capacity 10868K, committed 10880K, reserved 1048576K

